<?xml version="1.0" encoding="UTF-8"?>
<testsuite xmlns:xsi="http://www.w3.org/2001/XMLSchema-instance" xsi:noNamespaceSchemaLocation="https://maven.apache.org/surefire/maven-surefire-plugin/xsd/surefire-test-report-3.0.xsd" version="3.0" name="com.publishflow.util.GenHash" time="0.39" tests="1" errors="0" skipped="0" failures="0">
  <properties>
[...]
</properties>
  <testcase name="printHash" classname="com.publishflow.util.GenHash" time="0.375">
    <system-out><![CDATA[=== ADMIN HASH ===
$2a$12$kHwlJK7PcVzN1NXBd7bpU.1fUv7VAXrxRwCy0UfNO9LsU6WEnQyuC
==================
]]></system-out>
  </testcase>
</testsuite>